2023-08-09 12:16:04,872 : INFO : Test_Login : test_page_title_001 : 13 : Testcase test_page_title_001 is started
2023-08-09 12:16:04,872 : INFO : Test_Login : test_page_title_001 : 14 : Opening browser
2023-08-09 12:16:04,887 : INFO : Test_Login : test_page_title_001 : 16 : Page Title is OrangeHRM
2023-08-09 12:16:04,896 : INFO : Test_Login : test_page_title_001 : 18 : Taking screenshot
2023-08-09 12:16:05,219 : INFO : Test_Login : test_page_title_001 : 21 : Testcase test_page_title_001 is passed
2023-08-09 12:16:14,514 : INFO : Test_Login : test_login_002 : 30 : Testcase test_login_002 is started
2023-08-09 12:16:14,514 : INFO : Test_Login : test_login_002 : 31 : Opening browser
2023-08-09 12:16:14,514 : INFO : Test_Login : test_login_002 : 34 : Entering Username
2023-08-09 12:16:16,732 : INFO : Test_Login : test_login_002 : 36 : Entering password
2023-08-09 12:16:16,897 : INFO : Test_Login : test_login_002 : 38 : Clicking in login button
2023-08-09 12:16:17,042 : INFO : Test_Login : test_login_002 : 41 : Checking login status
2023-08-09 12:16:18,966 : INFO : Test_Login : test_login_002 : 43 : taking screenshot
2023-08-09 12:16:19,657 : INFO : Test_Login : test_login_002 : 46 : Clicking on Menu button
2023-08-09 12:16:19,753 : INFO : Test_Login : test_login_002 : 48 : Clicking on logout button
2023-08-09 12:18:47,151 : INFO : Test_Login : test_page_title_001 : 13 : Testcase test_page_title_001 is started
2023-08-09 12:18:47,151 : INFO : Test_Login : test_page_title_001 : 14 : Opening browser
2023-08-09 12:18:47,159 : INFO : Test_Login : test_page_title_001 : 16 : Page Title is OrangeHRM
2023-08-09 12:18:47,166 : INFO : Test_Login : test_page_title_001 : 18 : Taking screenshot
2023-08-09 12:18:49,257 : INFO : Test_Login : test_page_title_001 : 21 : Testcase test_page_title_001 is passed
2023-08-09 12:19:12,355 : INFO : Test_Login : test_login_002 : 30 : Testcase test_login_002 is started
2023-08-09 12:19:12,359 : INFO : Test_Login : test_login_002 : 31 : Opening browser
2023-08-09 12:19:12,359 : INFO : Test_Login : test_login_002 : 34 : Entering Username
2023-08-09 12:19:13,508 : INFO : Test_Login : test_login_002 : 36 : Entering password
2023-08-09 12:19:13,549 : INFO : Test_Login : test_login_002 : 38 : Clicking in login button
2023-08-09 12:19:17,923 : INFO : Test_Login : test_login_002 : 41 : Checking login status
2023-08-09 12:19:17,961 : INFO : Test_Login : test_login_002 : 43 : taking screenshot
2023-08-09 12:19:18,142 : INFO : Test_Login : test_login_002 : 46 : Clicking on Menu button
2023-08-09 12:19:18,388 : INFO : Test_Login : test_login_002 : 48 : Clicking on logout button
2023-08-09 12:25:25,961 : INFO : Test_Login : test_page_title_001 : 13 : Testcase test_page_title_001 is started
2023-08-09 12:25:25,961 : INFO : Test_Login : test_page_title_001 : 14 : Opening browser
2023-08-09 12:25:25,969 : INFO : Test_Login : test_page_title_001 : 16 : Page Title is OrangeHRM
2023-08-09 12:25:25,977 : INFO : Test_Login : test_page_title_001 : 18 : Taking screenshot
2023-08-09 12:25:27,708 : INFO : Test_Login : test_page_title_001 : 21 : Testcase test_page_title_001 is passed
2023-08-09 12:25:42,964 : INFO : Test_Login : test_login_002 : 30 : Testcase test_login_002 is started
2023-08-09 12:25:42,964 : INFO : Test_Login : test_login_002 : 31 : Opening browser
2023-08-09 12:25:42,964 : INFO : Test_Login : test_login_002 : 34 : Entering Username
2023-08-09 12:25:44,107 : INFO : Test_Login : test_login_002 : 36 : Entering password
2023-08-09 12:25:44,130 : INFO : Test_Login : test_login_002 : 38 : Clicking in login button
2023-08-09 12:25:46,297 : INFO : Test_Login : test_login_002 : 41 : Checking login status
2023-08-09 12:25:46,857 : INFO : Test_Login : test_login_002 : 43 : taking screenshot
2023-08-09 12:25:47,095 : INFO : Test_Login : test_login_002 : 46 : Clicking on Menu button
2023-08-09 12:25:47,334 : INFO : Test_Login : test_login_002 : 48 : Clicking on logout button
2023-08-09 12:25:50,251 : INFO : Test_Login : test_login_002 : 51 : Testcase test_login_002 is passed
2023-08-09 12:27:00,256 : INFO : Test_Login : test_page_title_001 : 13 : Testcase test_page_title_001 is started
2023-08-09 12:27:00,256 : INFO : Test_Login : test_page_title_001 : 14 : Opening browser
2023-08-09 12:27:00,262 : INFO : Test_Login : test_page_title_001 : 16 : Page Title is OrangeHRM
2023-08-09 12:27:00,269 : INFO : Test_Login : test_page_title_001 : 18 : Taking screenshot
2023-08-09 12:27:01,725 : INFO : Test_Login : test_page_title_001 : 21 : Testcase test_page_title_001 is passed
2023-08-09 12:27:18,261 : INFO : Test_Login : test_login_002 : 30 : Testcase test_login_002 is started
2023-08-09 12:27:18,261 : INFO : Test_Login : test_login_002 : 31 : Opening browser
2023-08-09 12:27:18,261 : INFO : Test_Login : test_login_002 : 34 : Entering Username
2023-08-09 12:27:19,882 : INFO : Test_Login : test_login_002 : 36 : Entering password
2023-08-09 12:27:19,917 : INFO : Test_Login : test_login_002 : 38 : Clicking in login button
2023-08-09 12:27:21,876 : INFO : Test_Login : test_login_002 : 41 : Checking login status
2023-08-09 12:27:22,488 : INFO : Test_Login : test_login_002 : 43 : taking screenshot
2023-08-09 12:27:22,603 : INFO : Test_Login : test_login_002 : 46 : Clicking on Menu button
2023-08-09 12:27:22,826 : INFO : Test_Login : test_login_002 : 48 : Clicking on logout button
2023-08-09 12:27:25,709 : INFO : Test_Login : test_login_002 : 51 : Testcase test_login_002 is passed
2023-08-09 12:29:28,445 : INFO : Test_Login : test_page_title_001 : 13 : Testcase test_page_title_001 is started
2023-08-09 12:29:28,445 : INFO : Test_Login : test_page_title_001 : 14 : Opening browser
2023-08-09 12:29:28,455 : INFO : Test_Login : test_page_title_001 : 16 : Page Title is OrangeHRM
2023-08-09 12:29:28,460 : INFO : Test_Login : test_page_title_001 : 18 : Taking screenshot
2023-08-09 12:29:29,790 : INFO : Test_Login : test_page_title_001 : 21 : Testcase test_page_title_001 is passed
2023-08-09 12:29:46,720 : INFO : Test_Login : test_login_002 : 30 : Testcase test_login_002 is started
2023-08-09 12:29:46,720 : INFO : Test_Login : test_login_002 : 31 : Opening browser
2023-08-09 12:29:46,720 : INFO : Test_Login : test_login_002 : 34 : Entering Username
2023-08-09 12:29:48,353 : INFO : Test_Login : test_login_002 : 36 : Entering password
2023-08-09 12:29:48,385 : INFO : Test_Login : test_login_002 : 38 : Clicking in login button
2023-08-09 12:29:51,944 : INFO : Test_Login : test_login_002 : 41 : Checking login status
2023-08-09 12:29:52,079 : INFO : Test_Login : test_login_002 : 43 : taking screenshot
2023-08-09 12:29:52,218 : INFO : Test_Login : test_login_002 : 46 : Clicking on Menu button
2023-08-09 12:29:52,446 : INFO : Test_Login : test_login_002 : 48 : Clicking on logout button
2023-08-09 12:29:54,761 : INFO : Test_Login : test_login_002 : 51 : Testcase test_login_002 is passed
2023-08-09 12:33:55,388 : INFO : Test_Login : test_page_title_001 : 13 : Testcase test_page_title_001 is started
2023-08-09 12:33:55,388 : INFO : Test_Login : test_page_title_001 : 14 : Opening browser
2023-08-09 12:33:55,403 : INFO : Test_Login : test_page_title_001 : 16 : Page Title is OrangeHRM
2023-08-09 12:33:55,403 : INFO : Test_Login : test_page_title_001 : 18 : Taking screenshot
2023-08-09 12:33:56,620 : INFO : Test_Login : test_page_title_001 : 21 : Testcase test_page_title_001 is passed
2023-08-09 12:34:16,576 : INFO : Test_Login : test_login_002 : 30 : Testcase test_login_002 is started
2023-08-09 12:34:16,576 : INFO : Test_Login : test_login_002 : 31 : Opening browser
2023-08-09 12:34:16,576 : INFO : Test_Login : test_login_002 : 34 : Entering Username
2023-08-09 12:34:18,176 : INFO : Test_Login : test_login_002 : 36 : Entering password
2023-08-09 12:34:18,215 : INFO : Test_Login : test_login_002 : 38 : Clicking in login button
2023-08-09 12:34:20,473 : INFO : Test_Login : test_login_002 : 41 : Checking login status
2023-08-09 12:34:21,016 : INFO : Test_Login : test_login_002 : 43 : taking screenshot
2023-08-09 12:34:21,108 : INFO : Test_Login : test_login_002 : 46 : Clicking on Menu button
2023-08-09 12:34:21,329 : INFO : Test_Login : test_login_002 : 48 : Clicking on logout button
2023-08-09 12:34:24,194 : INFO : Test_Login : test_login_002 : 51 : Testcase test_login_002 is passed
